<?xml version="1.0" encoding="UTF-8"?>
<!-- Generated by org.testng.reporters.JUnitXMLReporter -->
<testsuite ignored="0" hostname="Soruu" failures="0" tests="3" name="Default test" time="32.052" errors="0" timestamp="2026-01-19T10:20:27 IST">
  <testcase classname="bluebeast.tests.SubmitOrderTest" name="submitOrder" time="7.309"/>
  <testcase classname="bluebeast.tests.SubmitOrderTest" name="submitOrder" time="5.961"/>
  <testcase classname="bluebeast.tests.SubmitOrderTest" name="verifyOrderHistory" time="1.96"/>
</testsuite> <!-- Default test -->
