<?xml version="1.0" encoding="UTF-8"?>
<!-- Generated by org.testng.reporters.JUnitXMLReporter -->
<testsuite ignored="0" hostname="Soruu" failures="0" tests="2" name="Error Validations Test" time="22.591" errors="0" timestamp="2026-01-19T10:21:13 IST">
  <testcase classname="bluebeast.tests.ErrorValidationsTest" name="loginErrorValidation" time="1.984"/>
  <testcase classname="bluebeast.tests.ErrorValidationsTest" name="productErrorValidation" time="5.787"/>
</testsuite> <!-- Error Validations Test -->
