<?xml version="1.0" encoding="UTF-8"?>
<!-- Generated by org.testng.reporters.JUnitXMLReporter -->
<testsuite ignored="0" hostname="Soruu" failures="0" tests="3" name="Submit Order Test" time="35.072" errors="0" timestamp="2026-01-19T10:21:24 IST">
  <testcase classname="bluebeast.tests.SubmitOrderTest" name="submitOrder" time="8.762"/>
  <testcase classname="bluebeast.tests.SubmitOrderTest" name="submitOrder" time="6.392"/>
  <testcase classname="bluebeast.tests.SubmitOrderTest" name="verifyOrderHistory" time="2.164"/>
</testsuite> <!-- Submit Order Test -->
