<?xml version="1.0" encoding="UTF-8"?>
<!-- Generated by org.testng.reporters.JUnitXMLReporter -->
<testsuite ignored="3" hostname="Soruu" failures="0" tests="2" name="Test" time="42.426" errors="0" timestamp="2026-01-16T16:10:10 IST">
  <testcase classname="bluebeast.tests.SubmitOrderTest" name="submitOrder" time="6.726"/>
  <testcase classname="bluebeast.tests.SubmitOrderTest" name="submitOrder" time="7.151"/>
  <testcase classname="bluebeast.tests.ErrorValidationsTest" name="productErrorValidation" time="0.0">
    <ignored/>
  </testcase> <!-- productErrorValidation -->
  <testcase classname="bluebeast.tests.SubmitOrderTest" name="verifyOrderHistory" time="0.0">
    <ignored/>
  </testcase> <!-- verifyOrderHistory -->
  <testcase classname="bluebeast.tests.ErrorValidationsTest" name="loginErrorValidation" time="0.0">
    <ignored/>
  </testcase> <!-- loginErrorValidation -->
</testsuite> <!-- Test -->
