<?xml version="1.0" encoding="UTF-8"?>
<!-- Generated by org.testng.reporters.JUnitReportReporter -->
<testsuite hostname="Soruu" failures="0" tests="2" name="bluebeast.tests.ErrorValidationsTest" time="22.385" errors="0" timestamp="2026-01-19T10:21:24 IST" skipped="0">
  <testcase classname="bluebeast.tests.ErrorValidationsTest" name="productErrorValidation" time="15.071"/>
  <testcase classname="bluebeast.tests.ErrorValidationsTest" name="loginErrorValidation" time="7.314"/>
</testsuite> <!-- bluebeast.tests.ErrorValidationsTest -->
