<?xml version="1.0" encoding="UTF-8"?>
<!-- Generated by org.testng.reporters.JUnitReportReporter -->
<testsuite hostname="Soruu" failures="0" tests="3" name="bluebeast.tests.SubmitOrderTest" time="34.060" errors="0" timestamp="2026-01-19T10:21:24 IST" skipped="0">
  <testcase classname="bluebeast.tests.SubmitOrderTest" name="submitOrder" time="13.443"/>
  <testcase classname="bluebeast.tests.SubmitOrderTest" name="verifyOrderHistory" time="10.872"/>
  <testcase classname="bluebeast.tests.SubmitOrderTest" name="submitOrder" time="9.745"/>
</testsuite> <!-- bluebeast.tests.SubmitOrderTest -->
